<?xml version="1.0" encoding="UTF-8"?>
<!-- Generated by org.testng.reporters.JUnitReportReporter -->
<testsuite hostname="DESKTOP-9IAM8ES" name="niki_ai.nikiApp" tests="1" failures="0" timestamp="6 Jan 2017 15:15:39 GMT" time="0.001" errors="1">
  <testcase name="blankUserName" time="0.001" classname="niki_ai.nikiApp">
    <error type="java.lang.NoSuchMethodError" message="io.appium.java_client.android.AndroidDriver.substituteMobilePlatform(Lorg/openqa/selenium/Capabilities;Ljava/lang/String;)Lorg/openqa/selenium/Capabilities;">
      <![CDATA[java.lang.NoSuchMethodError: io.appium.java_client.android.AndroidDriver.substituteMobilePlatform(Lorg/openqa/selenium/Capabilities;Ljava/lang/String;)Lorg/openqa/selenium/Capabilities;
	at io.appium.java_client.android.AndroidDriver.<init>(AndroidDriver.java:72)
	at niki_ai.nikiApp.setup(nikiApp.java:45)
	at sun.reflect.NativeMethodAccessorImpl.invoke0(Native Method)
	at sun.reflect.NativeMethodAccessorImpl.invoke(Unknown Source)
	at sun.reflect.DelegatingMethodAccessorImpl.invoke(Unknown Source)
	at java.lang.reflect.Method.invoke(Unknown Source)
	at org.testng.internal.MethodInvocationHelper.invokeMethod(MethodInvocationHelper.java:85)
	at org.testng.internal.Invoker.invokeConfigurationMethod(Invoker.java:510)
	at org.testng.internal.Invoker.invokeConfigurations(Invoker.java:211)
	at org.testng.internal.Invoker.invokeConfigurations(Invoker.java:138)
	at org.testng.TestRunner.beforeRun(TestRunner.java:647)
	at org.testng.TestRunner.run(TestRunner.java:615)
	at org.testng.SuiteRunner.runTest(SuiteRunner.java:357)
	at org.testng.SuiteRunner.runSequentially(SuiteRunner.java:352)
	at org.testng.SuiteRunner.privateRun(SuiteRunner.java:310)
	at org.testng.SuiteRunner.run(SuiteRunner.java:259)
	at org.testng.SuiteRunnerWorker.runSuite(SuiteRunnerWorker.java:52)
	at org.testng.SuiteRunnerWorker.run(SuiteRunnerWorker.java:86)
	at org.testng.TestNG.runSuitesSequentially(TestNG.java:1185)
	at org.testng.TestNG.runSuitesLocally(TestNG.java:1110)
	at org.testng.TestNG.run(TestNG.java:1018)
	at org.testng.remote.RemoteTestNG.run(RemoteTestNG.java:111)
	at org.testng.remote.RemoteTestNG.initAndRun(RemoteTestNG.java:204)
	at org.testng.remote.RemoteTestNG.main(RemoteTestNG.java:175)
]]>
    </error>
  </testcase> <!-- blankUserName -->
</testsuite> <!-- niki_ai.nikiApp -->
